STAR version=                 2.7.2a
STAR compilation time,server,dir=__REDACTED__
##### Command Line:
/mnt/raid62/pzz/package/cellranger-7.1.0/lib/bin/STAR --runMode genomeGenerate --genomeDir /mnt/raid62/pzz/myrpackage/ShinySpatial/GRCm38_tdtomato_new2/star --runThreadN 1 --genomeFastaFiles /mnt/raid62/pzz/myrpackage/ShinySpatial/GRCm38_tdtomato_new2/fasta/genome.fa --sjdbGTFfile /mnt/raid62/pzz/myrpackage/ShinySpatial/GRCm38_tdtomato_new2/genes/genes.gtf --limitGenomeGenerateRAM 17179869184 --genomeSAsparseD 3 --genomeSAindexNbases 14 --genomeChrBinNbits 18
##### Initial USER parameters from Command Line:
###### All USER parameters from Command Line:
runMode                       genomeGenerate     ~RE-DEFINED
genomeDir                     /mnt/raid62/pzz/myrpackage/ShinySpatial/GRCm38_tdtomato_new2/star     ~RE-DEFINED
runThreadN                    1     ~RE-DEFINED
genomeFastaFiles              /mnt/raid62/pzz/myrpackage/ShinySpatial/GRCm38_tdtomato_new2/fasta/genome.fa        ~RE-DEFINED
sjdbGTFfile                   /mnt/raid62/pzz/myrpackage/ShinySpatial/GRCm38_tdtomato_new2/genes/genes.gtf     ~RE-DEFINED
limitGenomeGenerateRAM        17179869184     ~RE-DEFINED
genomeSAsparseD               3     ~RE-DEFINED
genomeSAindexNbases           14     ~RE-DEFINED
genomeChrBinNbits             18     ~RE-DEFINED
##### Finished reading parameters from all sources

##### Final user re-defined parameters-----------------:
runMode                           genomeGenerate
runThreadN                        1
genomeDir                         /mnt/raid62/pzz/myrpackage/ShinySpatial/GRCm38_tdtomato_new2/star
genomeFastaFiles                  /mnt/raid62/pzz/myrpackage/ShinySpatial/GRCm38_tdtomato_new2/fasta/genome.fa   
genomeSAindexNbases               14
genomeChrBinNbits                 18
genomeSAsparseD                   3
limitGenomeGenerateRAM            17179869184
sjdbGTFfile                       /mnt/raid62/pzz/myrpackage/ShinySpatial/GRCm38_tdtomato_new2/genes/genes.gtf

-------------------------------
##### Final effective command line:
/mnt/raid62/pzz/package/cellranger-7.1.0/lib/bin/STAR   --runMode genomeGenerate   --runThreadN 1   --genomeDir /mnt/raid62/pzz/myrpackage/ShinySpatial/GRCm38_tdtomato_new2/star   --genomeFastaFiles /mnt/raid62/pzz/myrpackage/ShinySpatial/GRCm38_tdtomato_new2/fasta/genome.fa      --genomeSAindexNbases 14   --genomeChrBinNbits 18   --genomeSAsparseD 3   --limitGenomeGenerateRAM 17179869184   --sjdbGTFfile /mnt/raid62/pzz/myrpackage/ShinySpatial/GRCm38_tdtomato_new2/genes/genes.gtf
----------------------------------------

Finished loading and checking parameters
Oct 18 09:25:28 ... starting to generate Genome files
/mnt/raid62/pzz/myrpackage/ShinySpatial/GRCm38_tdtomato_new2/fasta/genome.fa : chr # 0  "1" chrStart: 0
/mnt/raid62/pzz/myrpackage/ShinySpatial/GRCm38_tdtomato_new2/fasta/genome.fa : chr # 1  "10" chrStart: 195559424
/mnt/raid62/pzz/myrpackage/ShinySpatial/GRCm38_tdtomato_new2/fasta/genome.fa : chr # 2  "11" chrStart: 326369280
/mnt/raid62/pzz/myrpackage/ShinySpatial/GRCm38_tdtomato_new2/fasta/genome.fa : chr # 3  "12" chrStart: 448528384
/mnt/raid62/pzz/myrpackage/ShinySpatial/GRCm38_tdtomato_new2/fasta/genome.fa : chr # 4  "13" chrStart: 568852480
/mnt/raid62/pzz/myrpackage/ShinySpatial/GRCm38_tdtomato_new2/fasta/genome.fa : chr # 5  "14" chrStart: 689438720
/mnt/raid62/pzz/myrpackage/ShinySpatial/GRCm38_tdtomato_new2/fasta/genome.fa : chr # 6  "15" chrStart: 814481408
/mnt/raid62/pzz/myrpackage/ShinySpatial/GRCm38_tdtomato_new2/fasta/genome.fa : chr # 7  "16" chrStart: 918552576
/mnt/raid62/pzz/myrpackage/ShinySpatial/GRCm38_tdtomato_new2/fasta/genome.fa : chr # 8  "17" chrStart: 1016856576
/mnt/raid62/pzz/myrpackage/ShinySpatial/GRCm38_tdtomato_new2/fasta/genome.fa : chr # 9  "18" chrStart: 1112014848
/mnt/raid62/pzz/myrpackage/ShinySpatial/GRCm38_tdtomato_new2/fasta/genome.fa : chr # 10  "19" chrStart: 1202978816
/mnt/raid62/pzz/myrpackage/ShinySpatial/GRCm38_tdtomato_new2/fasta/genome.fa : chr # 11  "2" chrStart: 1264582656
/mnt/raid62/pzz/myrpackage/ShinySpatial/GRCm38_tdtomato_new2/fasta/genome.fa : chr # 12  "3" chrStart: 1446772736
/mnt/raid62/pzz/myrpackage/ShinySpatial/GRCm38_tdtomato_new2/fasta/genome.fa : chr # 13  "4" chrStart: 1606942720
/mnt/raid62/pzz/myrpackage/ShinySpatial/GRCm38_tdtomato_new2/fasta/genome.fa : chr # 14  "5" chrStart: 1763704832
/mnt/raid62/pzz/myrpackage/ShinySpatial/GRCm38_tdtomato_new2/fasta/genome.fa : chr # 15  "6" chrStart: 1915748352
/mnt/raid62/pzz/myrpackage/ShinySpatial/GRCm38_tdtomato_new2/fasta/genome.fa : chr # 16  "7" chrStart: 2065694720
/mnt/raid62/pzz/myrpackage/ShinySpatial/GRCm38_tdtomato_new2/fasta/genome.fa : chr # 17  "8" chrStart: 2211184640
/mnt/raid62/pzz/myrpackage/ShinySpatial/GRCm38_tdtomato_new2/fasta/genome.fa : chr # 18  "9" chrStart: 2340683776
/mnt/raid62/pzz/myrpackage/ShinySpatial/GRCm38_tdtomato_new2/fasta/genome.fa : chr # 19  "MT" chrStart: 2465464320
/mnt/raid62/pzz/myrpackage/ShinySpatial/GRCm38_tdtomato_new2/fasta/genome.fa : chr # 20  "X" chrStart: 2465726464
/mnt/raid62/pzz/myrpackage/ShinySpatial/GRCm38_tdtomato_new2/fasta/genome.fa : chr # 21  "Y" chrStart: 2636906496
/mnt/raid62/pzz/myrpackage/ShinySpatial/GRCm38_tdtomato_new2/fasta/genome.fa : chr # 22  "JH584299.1" chrStart: 2728656896
/mnt/raid62/pzz/myrpackage/ShinySpatial/GRCm38_tdtomato_new2/fasta/genome.fa : chr # 23  "GL456233.1" chrStart: 2729705472
/mnt/raid62/pzz/myrpackage/ShinySpatial/GRCm38_tdtomato_new2/fasta/genome.fa : chr # 24  "JH584301.1" chrStart: 2730229760
/mnt/raid62/pzz/myrpackage/ShinySpatial/GRCm38_tdtomato_new2/fasta/genome.fa : chr # 25  "GL456211.1" chrStart: 2730491904
/mnt/raid62/pzz/myrpackage/ShinySpatial/GRCm38_tdtomato_new2/fasta/genome.fa : chr # 26  "GL456350.1" chrStart: 2730754048
/mnt/raid62/pzz/myrpackage/ShinySpatial/GRCm38_tdtomato_new2/fasta/genome.fa : chr # 27  "JH584293.1" chrStart: 2731016192
/mnt/raid62/pzz/myrpackage/ShinySpatial/GRCm38_tdtomato_new2/fasta/genome.fa : chr # 28  "GL456221.1" chrStart: 2731278336
/mnt/raid62/pzz/myrpackage/ShinySpatial/GRCm38_tdtomato_new2/fasta/genome.fa : chr # 29  "JH584297.1" chrStart: 2731540480
/mnt/raid62/pzz/myrpackage/ShinySpatial/GRCm38_tdtomato_new2/fasta/genome.fa : chr # 30  "JH584296.1" chrStart: 2731802624
/mnt/raid62/pzz/myrpackage/ShinySpatial/GRCm38_tdtomato_new2/fasta/genome.fa : chr # 31  "GL456354.1" chrStart: 2732064768
/mnt/raid62/pzz/myrpackage/ShinySpatial/GRCm38_tdtomato_new2/fasta/genome.fa : chr # 32  "JH584294.1" chrStart: 2732326912
/mnt/raid62/pzz/myrpackage/ShinySpatial/GRCm38_tdtomato_new2/fasta/genome.fa : chr # 33  "JH584298.1" chrStart: 2732589056
/mnt/raid62/pzz/myrpackage/ShinySpatial/GRCm38_tdtomato_new2/fasta/genome.fa : chr # 34  "JH584300.1" chrStart: 2732851200
/mnt/raid62/pzz/myrpackage/ShinySpatial/GRCm38_tdtomato_new2/fasta/genome.fa : chr # 35  "GL456219.1" chrStart: 2733113344
/mnt/raid62/pzz/myrpackage/ShinySpatial/GRCm38_tdtomato_new2/fasta/genome.fa : chr # 36  "GL456210.1" chrStart: 2733375488
/mnt/raid62/pzz/myrpackage/ShinySpatial/GRCm38_tdtomato_new2/fasta/genome.fa : chr # 37  "JH584303.1" chrStart: 2733637632
/mnt/raid62/pzz/myrpackage/ShinySpatial/GRCm38_tdtomato_new2/fasta/genome.fa : chr # 38  "JH584302.1" chrStart: 2733899776
/mnt/raid62/pzz/myrpackage/ShinySpatial/GRCm38_tdtomato_new2/fasta/genome.fa : chr # 39  "GL456212.1" chrStart: 2734161920
/mnt/raid62/pzz/myrpackage/ShinySpatial/GRCm38_tdtomato_new2/fasta/genome.fa : chr # 40  "JH584304.1" chrStart: 2734424064
/mnt/raid62/pzz/myrpackage/ShinySpatial/GRCm38_tdtomato_new2/fasta/genome.fa : chr # 41  "GL456379.1" chrStart: 2734686208
/mnt/raid62/pzz/myrpackage/ShinySpatial/GRCm38_tdtomato_new2/fasta/genome.fa : chr # 42  "GL456216.1" chrStart: 2734948352
/mnt/raid62/pzz/myrpackage/ShinySpatial/GRCm38_tdtomato_new2/fasta/genome.fa : chr # 43  "GL456393.1" chrStart: 2735210496
/mnt/raid62/pzz/myrpackage/ShinySpatial/GRCm38_tdtomato_new2/fasta/genome.fa : chr # 44  "GL456366.1" chrStart: 2735472640
/mnt/raid62/pzz/myrpackage/ShinySpatial/GRCm38_tdtomato_new2/fasta/genome.fa : chr # 45  "GL456367.1" chrStart: 2735734784
/mnt/raid62/pzz/myrpackage/ShinySpatial/GRCm38_tdtomato_new2/fasta/genome.fa : chr # 46  "GL456239.1" chrStart: 2735996928
/mnt/raid62/pzz/myrpackage/ShinySpatial/GRCm38_tdtomato_new2/fasta/genome.fa : chr # 47  "GL456213.1" chrStart: 2736259072
/mnt/raid62/pzz/myrpackage/ShinySpatial/GRCm38_tdtomato_new2/fasta/genome.fa : chr # 48  "GL456383.1" chrStart: 2736521216
/mnt/raid62/pzz/myrpackage/ShinySpatial/GRCm38_tdtomato_new2/fasta/genome.fa : chr # 49  "GL456385.1" chrStart: 2736783360
/mnt/raid62/pzz/myrpackage/ShinySpatial/GRCm38_tdtomato_new2/fasta/genome.fa : chr # 50  "GL456360.1" chrStart: 2737045504
/mnt/raid62/pzz/myrpackage/ShinySpatial/GRCm38_tdtomato_new2/fasta/genome.fa : chr # 51  "GL456378.1" chrStart: 2737307648
/mnt/raid62/pzz/myrpackage/ShinySpatial/GRCm38_tdtomato_new2/fasta/genome.fa : chr # 52  "GL456389.1" chrStart: 2737569792
/mnt/raid62/pzz/myrpackage/ShinySpatial/GRCm38_tdtomato_new2/fasta/genome.fa : chr # 53  "GL456372.1" chrStart: 2737831936
/mnt/raid62/pzz/myrpackage/ShinySpatial/GRCm38_tdtomato_new2/fasta/genome.fa : chr # 54  "GL456370.1" chrStart: 2738094080
/mnt/raid62/pzz/myrpackage/ShinySpatial/GRCm38_tdtomato_new2/fasta/genome.fa : chr # 55  "GL456381.1" chrStart: 2738356224
/mnt/raid62/pzz/myrpackage/ShinySpatial/GRCm38_tdtomato_new2/fasta/genome.fa : chr # 56  "GL456387.1" chrStart: 2738618368
/mnt/raid62/pzz/myrpackage/ShinySpatial/GRCm38_tdtomato_new2/fasta/genome.fa : chr # 57  "GL456390.1" chrStart: 2738880512
/mnt/raid62/pzz/myrpackage/ShinySpatial/GRCm38_tdtomato_new2/fasta/genome.fa : chr # 58  "GL456394.1" chrStart: 2739142656
/mnt/raid62/pzz/myrpackage/ShinySpatial/GRCm38_tdtomato_new2/fasta/genome.fa : chr # 59  "GL456392.1" chrStart: 2739404800
/mnt/raid62/pzz/myrpackage/ShinySpatial/GRCm38_tdtomato_new2/fasta/genome.fa : chr # 60  "GL456382.1" chrStart: 2739666944
/mnt/raid62/pzz/myrpackage/ShinySpatial/GRCm38_tdtomato_new2/fasta/genome.fa : chr # 61  "GL456359.1" chrStart: 2739929088
/mnt/raid62/pzz/myrpackage/ShinySpatial/GRCm38_tdtomato_new2/fasta/genome.fa : chr # 62  "GL456396.1" chrStart: 2740191232
/mnt/raid62/pzz/myrpackage/ShinySpatial/GRCm38_tdtomato_new2/fasta/genome.fa : chr # 63  "GL456368.1" chrStart: 2740453376
/mnt/raid62/pzz/myrpackage/ShinySpatial/GRCm38_tdtomato_new2/fasta/genome.fa : chr # 64  "JH584292.1" chrStart: 2740715520
/mnt/raid62/pzz/myrpackage/ShinySpatial/GRCm38_tdtomato_new2/fasta/genome.fa : chr # 65  "JH584295.1" chrStart: 2740977664
/mnt/raid62/pzz/myrpackage/ShinySpatial/GRCm38_tdtomato_new2/fasta/genome.fa : chr # 66  "WPRE-bGH" chrStart: 2741239808
Estimated genome size=2942501952   2741501952   201000000
GstrandBit=32
Number of SA indices: 1768522879
Oct 18 09:26:46 ... starting to sort Suffix Array. This may take a long time...
Number of chunks: 3;   chunks size limit: 7018107168 bytes
Oct 18 09:26:52 ... sorting Suffix Array chunks and saving them to disk...
Writing 6970551520 bytes into /mnt/raid62/pzz/myrpackage/ShinySpatial/GRCm38_tdtomato_new2/star/SA_0 ; empty space on disk = 16039221919744 bytes ... done
Writing 7007314672 bytes into /mnt/raid62/pzz/myrpackage/ShinySpatial/GRCm38_tdtomato_new2/star/SA_1 ; empty space on disk = 16033941291008 bytes ... done
Writing 170316840 bytes into /mnt/raid62/pzz/myrpackage/ShinySpatial/GRCm38_tdtomato_new2/star/SA_2 ; empty space on disk = 16006534660096 bytes ... done
Oct 18 10:00:24 ... loading chunks from disk, packing SA...
Oct 18 10:00:49 ... finished generating suffix array
Oct 18 10:00:49 ... generating Suffix Array index
Oct 18 10:02:53 ... completed Suffix Array index
Oct 18 10:02:53 ..... processing annotations GTF
Processing pGe.sjdbGTFfile=/mnt/raid62/pzz/myrpackage/ShinySpatial/GRCm38_tdtomato_new2/genes/genes.gtf, found:
		142700 transcripts
		843713 exons (non-collapsed)
		285266 collapsed junctions
Oct 18 10:03:15 ..... finished GTF processing
Oct 18 10:03:15   Loaded database junctions from the GTF file: /mnt/raid62/pzz/myrpackage/ShinySpatial/GRCm38_tdtomato_new2/genes/genes.gtf: 285266 total junctions

WARNING: long repeat for junction # 64503 : 13 36008518 36189203; left shift = 255; right shift = 29
WARNING: long repeat for junction # 72034 : 13 119495135 119609191; left shift = 36; right shift = 255
WARNING: long repeat for junction # 196897 : 5 112774527 112775017; left shift = 255; right shift = 69
WARNING: long repeat for junction # 199255 : 5 123190235 123190960; left shift = 255; right shift = 19
WARNING: long repeat for junction # 208352 : 6 48754635 48755196; left shift = 81; right shift = 255
WARNING: long repeat for junction # 240304 : 7 141808196 141810304; left shift = 255; right shift = 255
Oct 18 10:03:17   Finished preparing junctions
Oct 18 10:03:17 ..... inserting junctions into the genome indices
Oct 18 10:08:55   Finished SA search: number of new junctions=285203, old junctions=0
Oct 18 10:09:42   Finished sorting SA indicesL nInd=114080620
Genome size with junctions=2798827755  2741501952   57325803
GstrandBit1=32   GstrandBit=32
Oct 18 10:10:06   Finished inserting junction indices
Oct 18 10:10:28   Finished SAi
Oct 18 10:10:28 ..... finished inserting junctions into genome
Oct 18 10:10:28 ... writing Genome to disk ...
Writing 2798827755 bytes into /mnt/raid62/pzz/myrpackage/ShinySpatial/GRCm38_tdtomato_new2/star/Genome ; empty space on disk = 16067622600704 bytes ... done
SA size in bytes: 7765739437
Oct 18 10:11:03 ... writing Suffix Array to disk ...
Writing 7765739437 bytes into /mnt/raid62/pzz/myrpackage/ShinySpatial/GRCm38_tdtomato_new2/star/SA ; empty space on disk = 16064093093888 bytes ... done
Oct 18 10:12:38 ... writing SAindex to disk
Writing 8 bytes into /mnt/raid62/pzz/myrpackage/ShinySpatial/GRCm38_tdtomato_new2/star/SAindex ; empty space on disk = 16059800223744 bytes ... done
Writing 120 bytes into /mnt/raid62/pzz/myrpackage/ShinySpatial/GRCm38_tdtomato_new2/star/SAindex ; empty space on disk = 16059799175168 bytes ... done
Writing 1565873491 bytes into /mnt/raid62/pzz/myrpackage/ShinySpatial/GRCm38_tdtomato_new2/star/SAindex ; empty space on disk = 16059799175168 bytes ... done
Oct 18 10:12:59 ..... finished successfully
DONE: Genome generation, EXITING
